<?xml version="1.0" encoding="utf-8"?><testsuites name="pytest tests"><testsuite name="pytest" errors="0" failures="0" skipped="0" tests="25" time="4.026" timestamp="2026-04-21T15:42:57.849201+00:00" hostname="agent-env-a0a6cef5-4b82-4e47-8175-247e2cc8311c"><testcase classname="tests.test_comments_api.TestRoot" name="test_root" time="0.214" /><testcase classname="tests.test_comments_api.TestRoot" name="test_stats_structure" time="0.046" /><testcase classname="tests.test_comments_api.TestRoot" name="test_platforms" time="0.049" /><testcase classname="tests.test_comments_api.TestComments" name="test_get_pending_comments" time="0.046" /><testcase classname="tests.test_comments_api.TestComments" name="test_filter_by_account" time="0.056" /><testcase classname="tests.test_comments_api.TestComments" name="test_edit_draft_and_persist" time="0.139" /><testcase classname="tests.test_comments_api.TestComments" name="test_skip_comment" time="0.182" /><testcase classname="tests.test_comments_api.TestComments" name="test_approve_comment" time="0.385" /><testcase classname="tests.test_comments_api.TestComments" name="test_regenerate_no_groq" time="0.087" /><testcase classname="tests.test_comments_api.TestComments" name="test_approve_all" time="0.438" /><testcase classname="tests.test_comments_api.TestComments" name="test_seed_idempotent" time="0.191" /><testcase classname="tests.test_comments_api.TestComments" name="test_platforms_no_duplicate_accounts" time="0.205" /><testcase classname="tests.test_comments_api.TestComments" name="test_404_approve_invalid_id" time="0.046" /><testcase classname="tests.test_comments_api.TestComments" name="test_404_edit_invalid_id" time="0.048" /><testcase classname="tests.test_new_features.TestReplyDeskRename" name="test_root_returns_replydesk" time="0.178" /><testcase classname="tests.test_new_features.TestTonePreset" name="test_platforms_expose_tone_preset" time="0.105" /><testcase classname="tests.test_new_features.TestTonePreset" name="test_update_tone_valid" time="0.218" /><testcase classname="tests.test_new_features.TestTonePreset" name="test_update_tone_all_presets" time="0.287" /><testcase classname="tests.test_new_features.TestTonePreset" name="test_update_tone_invalid" time="0.077" /><testcase classname="tests.test_new_features.TestTonePreset" name="test_update_tone_account_not_found" time="0.076" /><testcase classname="tests.test_new_features.TestAutoLikeSentiment" name="test_comments_have_auto_liked_and_sentiment" time="0.110" /><testcase classname="tests.test_new_features.TestAutoLikeSentiment" name="test_demo_comments_positive" time="0.057" /><testcase classname="tests.test_new_features.TestToggleLike" name="test_toggle_like_flips_value" time="0.372" /><testcase classname="tests.test_new_features.TestToggleLike" name="test_toggle_like_404_for_nonexistent" time="0.190" /><testcase classname="tests.test_new_features.TestSentimentFn" name="test_detect_sentiment_is_async_and_returns_valid" time="0.129" /></testsuite></testsuites>