<?xml version="1.0" encoding="utf-8"?><testsuites name="pytest tests"><testsuite name="pytest" errors="0" failures="0" skipped="1" tests="24" time="2.670" timestamp="2026-04-21T15:18:31.738262+00:00" hostname="agent-env-a0a6cef5-4b82-4e47-8175-247e2cc8311c"><testcase classname="backend.tests.test_comments_api.TestRoot" name="test_root" time="0.194" /><testcase classname="backend.tests.test_comments_api.TestRoot" name="test_stats_structure" time="0.061" /><testcase classname="backend.tests.test_comments_api.TestRoot" name="test_platforms" time="0.055" /><testcase classname="backend.tests.test_comments_api.TestComments" name="test_get_pending_comments" time="0.051" /><testcase classname="backend.tests.test_comments_api.TestComments" name="test_filter_by_account" time="0.051" /><testcase classname="backend.tests.test_comments_api.TestComments" name="test_edit_draft_and_persist" time="0.161" /><testcase classname="backend.tests.test_comments_api.TestComments" name="test_skip_comment" time="0.221" /><testcase classname="backend.tests.test_comments_api.TestComments" name="test_approve_comment" time="0.058"><skipped type="pytest.skip" message="no pending for demo-fb-1">/app/backend/tests/test_comments_api.py:102: no pending for demo-fb-1</skipped></testcase><testcase classname="backend.tests.test_comments_api.TestComments" name="test_regenerate_no_groq" time="0.108" /><testcase classname="backend.tests.test_comments_api.TestComments" name="test_approve_all" time="0.119" /><testcase classname="backend.tests.test_comments_api.TestComments" name="test_seed_idempotent" time="0.050" /><testcase classname="backend.tests.test_comments_api.TestComments" name="test_404_approve_invalid_id" time="0.078" /><testcase classname="backend.tests.test_comments_api.TestComments" name="test_404_edit_invalid_id" time="0.057" /><testcase classname="backend.tests.test_new_features.TestReplyDeskRename" name="test_root_returns_replydesk" time="0.222" /><testcase classname="backend.tests.test_new_features.TestTonePreset" name="test_platforms_expose_tone_preset" time="0.056" /><testcase classname="backend.tests.test_new_features.TestTonePreset" name="test_update_tone_valid" time="0.117" /><testcase classname="backend.tests.test_new_features.TestTonePreset" name="test_update_tone_all_presets" time="0.211" /><testcase classname="backend.tests.test_new_features.TestTonePreset" name="test_update_tone_invalid" time="0.063" /><testcase classname="backend.tests.test_new_features.TestTonePreset" name="test_update_tone_account_not_found" time="0.055" /><testcase classname="backend.tests.test_new_features.TestAutoLikeSentiment" name="test_comments_have_auto_liked_and_sentiment" time="0.074" /><testcase classname="backend.tests.test_new_features.TestAutoLikeSentiment" name="test_demo_comments_positive" time="0.056" /><testcase classname="backend.tests.test_new_features.TestToggleLike" name="test_toggle_like_flips_value" time="0.241" /><testcase classname="backend.tests.test_new_features.TestToggleLike" name="test_toggle_like_404_for_nonexistent" time="0.052" /><testcase classname="backend.tests.test_new_features.TestSentimentFn" name="test_detect_sentiment_is_async_and_returns_valid" time="0.158" /></testsuite></testsuites>