<?xml version="1.0" encoding="utf-8"?><testsuites name="pytest tests"><testsuite name="pytest" errors="0" failures="0" skipped="0" tests="21" time="2.528" timestamp="2026-04-21T09:02:46.289741+00:00" hostname="agent-env-a0a6cef5-4b82-4e47-8175-247e2cc8311c"><testcase classname="backend.tests.test_comments_api.TestRoot" name="test_root" time="0.363" /><testcase classname="backend.tests.test_comments_api.TestRoot" name="test_stats_structure" time="0.052" /><testcase classname="backend.tests.test_comments_api.TestRoot" name="test_platforms" time="0.047" /><testcase classname="backend.tests.test_comments_api.TestComments" name="test_get_pending_comments" time="0.049" /><testcase classname="backend.tests.test_comments_api.TestComments" name="test_filter_by_account" time="0.045" /><testcase classname="backend.tests.test_comments_api.TestComments" name="test_edit_draft_and_persist" time="0.137" /><testcase classname="backend.tests.test_comments_api.TestComments" name="test_skip_comment" time="0.191" /><testcase classname="backend.tests.test_comments_api.TestComments" name="test_approve_comment" time="0.295" /><testcase classname="backend.tests.test_comments_api.TestComments" name="test_regenerate_no_groq" time="0.090" /><testcase classname="backend.tests.test_comments_api.TestComments" name="test_approve_all" time="0.329" /><testcase classname="backend.tests.test_comments_api.TestComments" name="test_seed_idempotent" time="0.044" /><testcase classname="backend.tests.test_comments_api.TestComments" name="test_404_approve_invalid_id" time="0.044" /><testcase classname="backend.tests.test_comments_api.TestComments" name="test_404_edit_invalid_id" time="0.045" /><testcase classname="backend.tests.test_new_features.TestTonePreset" name="test_platforms_expose_tone_preset" time="0.148" /><testcase classname="backend.tests.test_new_features.TestTonePreset" name="test_update_tone_valid" time="0.096" /><testcase classname="backend.tests.test_new_features.TestTonePreset" name="test_update_tone_all_presets" time="0.176" /><testcase classname="backend.tests.test_new_features.TestTonePreset" name="test_update_tone_invalid" time="0.043" /><testcase classname="backend.tests.test_new_features.TestTonePreset" name="test_update_tone_account_not_found" time="0.044" /><testcase classname="backend.tests.test_new_features.TestAutoLikeSentiment" name="test_comments_have_auto_liked_and_sentiment" time="0.044" /><testcase classname="backend.tests.test_new_features.TestAutoLikeSentiment" name="test_demo_comments_positive" time="0.042" /><testcase classname="backend.tests.test_new_features.TestSentimentFn" name="test_detect_negative_and_positive" time="0.124" /></testsuite></testsuites>