<?xml version="1.0" encoding="utf-8"?><testsuites name="pytest tests"><testsuite name="pytest" errors="0" failures="0" skipped="0" tests="13" time="1.984" timestamp="2026-04-21T08:05:49.225863+00:00" hostname="agent-env-a0a6cef5-4b82-4e47-8175-247e2cc8311c"><testcase classname="backend.tests.test_comments_api.TestRoot" name="test_root" time="0.322" /><testcase classname="backend.tests.test_comments_api.TestRoot" name="test_stats_structure" time="0.046" /><testcase classname="backend.tests.test_comments_api.TestRoot" name="test_platforms" time="0.050" /><testcase classname="backend.tests.test_comments_api.TestComments" name="test_get_pending_comments" time="0.045" /><testcase classname="backend.tests.test_comments_api.TestComments" name="test_filter_by_account" time="0.043" /><testcase classname="backend.tests.test_comments_api.TestComments" name="test_edit_draft_and_persist" time="0.258" /><testcase classname="backend.tests.test_comments_api.TestComments" name="test_skip_comment" time="0.176" /><testcase classname="backend.tests.test_comments_api.TestComments" name="test_approve_comment" time="0.309" /><testcase classname="backend.tests.test_comments_api.TestComments" name="test_regenerate_no_groq" time="0.089" /><testcase classname="backend.tests.test_comments_api.TestComments" name="test_approve_all" time="0.399" /><testcase classname="backend.tests.test_comments_api.TestComments" name="test_seed_idempotent" time="0.049" /><testcase classname="backend.tests.test_comments_api.TestComments" name="test_404_approve_invalid_id" time="0.067" /><testcase classname="backend.tests.test_comments_api.TestComments" name="test_404_edit_invalid_id" time="0.047" /></testsuite></testsuites>